<?xml version="1.0" encoding="UTF-8"?>
<testsuite name="eduvdavollmedapi.VollMedApiApplicationTests" tests="1" skipped="0" failures="0" errors="0" timestamp="2023-09-21T22:32:01" hostname="VDA" time="0.599">
  <properties/>
  <testcase name="contextLoads()" classname="eduvdavollmedapi.VollMedApiApplicationTests" time="0.599"/>
  <system-out><![CDATA[19:31:54.875 [Test worker] INFO org.springframework.test.context.support.AnnotationConfigContextLoaderUtils -- Could not detect default configuration classes for test class [eduvdavollmedapi.VollMedApiApplicationTests]: VollMedApiApplicationTests does not declare any static, non-private, non-final, nested classes annotated with @Configuration.
19:31:54.988 [Test worker] INFO org.springframework.boot.test.context.SpringBootTestContextBootstrapper -- Found @SpringBootConfiguration eduvdavollmedapi.Application for test class eduvdavollmedapi.VollMedApiApplicationTests

  .   ____          _            __ _ _
 /\\ / ___'_ __ _ _(_)_ __  __ _ \ \ \ \
( ( )\___ | '_ | '_| | '_ \/ _` | \ \ \ \
 \\/  ___)| |_)| | | | | || (_| |  ) ) ) )
  '  |____| .__|_| |_|_| |_\__, | / / / /
 =========|_|==============|___/=/_/_/_/
 :: Spring Boot ::                (v3.1.3)

2023-09-21T19:31:55.444-03:00  INFO 3020 --- [    Test worker] e.VollMedApiApplicationTests             : Starting VollMedApiApplicationTests using Java 17.0.8 with PID 3020 (started by almei in C:\VDA\workspace\voll-med-api)
2023-09-21T19:31:55.445-03:00  INFO 3020 --- [    Test worker] e.VollMedApiApplicationTests             : No active profile set, falling back to 1 default profile: "default"
2023-09-21T19:31:56.473-03:00  INFO 3020 --- [    Test worker] .s.d.r.c.RepositoryConfigurationDelegate : Bootstrapping Spring Data JPA repositories in DEFAULT mode.
2023-09-21T19:31:56.553-03:00  INFO 3020 --- [    Test worker] .s.d.r.c.RepositoryConfigurationDelegate : Finished Spring Data repository scanning in 72 ms. Found 3 JPA repository interfaces.
2023-09-21T19:31:57.098-03:00  INFO 3020 --- [    Test worker] com.zaxxer.hikari.HikariDataSource       : HikariPool-1 - Starting...
2023-09-21T19:31:57.396-03:00  INFO 3020 --- [    Test worker] com.zaxxer.hikari.pool.HikariPool        : HikariPool-1 - Added connection conn0: url=jdbc:h2:mem:ddd6a5e6-a4b6-4864-93b2-23279e5a50f4 user=SA
2023-09-21T19:31:57.398-03:00  INFO 3020 --- [    Test worker] com.zaxxer.hikari.HikariDataSource       : HikariPool-1 - Start completed.
2023-09-21T19:31:57.467-03:00  INFO 3020 --- [    Test worker] o.hibernate.jpa.internal.util.LogHelper  : HHH000204: Processing PersistenceUnitInfo [name: default]
2023-09-21T19:31:57.564-03:00  INFO 3020 --- [    Test worker] org.hibernate.Version                    : HHH000412: Hibernate ORM core version 6.2.7.Final
2023-09-21T19:31:57.567-03:00  INFO 3020 --- [    Test worker] org.hibernate.cfg.Environment            : HHH000406: Using bytecode reflection optimizer
2023-09-21T19:31:57.783-03:00  INFO 3020 --- [    Test worker] o.h.b.i.BytecodeProviderInitiator        : HHH000021: Bytecode provider name : bytebuddy
2023-09-21T19:31:57.992-03:00  INFO 3020 --- [    Test worker] o.s.o.j.p.SpringPersistenceUnitInfo      : No LoadTimeWeaver setup: ignoring JPA class transformer
2023-09-21T19:31:58.347-03:00  INFO 3020 --- [    Test worker] o.h.b.i.BytecodeProviderInitiator        : HHH000021: Bytecode provider name : bytebuddy
2023-09-21T19:31:59.032-03:00  INFO 3020 --- [    Test worker] o.h.e.t.j.p.i.JtaPlatformInitiator       : HHH000490: Using JtaPlatform implementation: [org.hibernate.engine.transaction.jta.platform.internal.NoJtaPlatform]
2023-09-21T19:31:59.092-03:00  INFO 3020 --- [    Test worker] j.LocalContainerEntityManagerFactoryBean : Initialized JPA EntityManagerFactory for persistence unit 'default'
2023-09-21T19:31:59.581-03:00  INFO 3020 --- [    Test worker] o.s.d.j.r.query.QueryEnhancerFactory     : Hibernate is in classpath; If applicable, HQL parser will be used.
2023-09-21T19:32:00.619-03:00  WARN 3020 --- [    Test worker] JpaBaseConfiguration$JpaWebConfiguration : spring.jpa.open-in-view is enabled by default. Therefore, database queries may be performed during view rendering. Explicitly configure spring.jpa.open-in-view to disable this warning
2023-09-21T19:32:01.206-03:00  INFO 3020 --- [    Test worker] e.VollMedApiApplicationTests             : Started VollMedApiApplicationTests in 6.017 seconds (process running for 7.336)
]]></system-out>
  <system-err><![CDATA[]]></system-err>
</testsuite>
